Build started 2015/9/27 17:42:55.
     1>Project "C:\Users\lber1\Documents\Dev\GitProject\CPP_Primer_Exercise\Character_7\Character_7.vcxproj" on node 2 (Rebuild target(s)).
     1>ClCompile:
         C:\Program Files (x86)\Microsoft Visual Studio 14.0\VC\bin\CL.exe /c /ZI /nologo /W3 /WX- /sdl /Od /Oy- /D WIN32 /D _DEBUG /D _CONSOLE /D _UNICODE /D UNICODE /Gm /EHsc /RTC1 /MDd /GS /fp:precise /Zc:wchar_t /Zc:forScope /Zc:inline /Yc"stdafx.h" /Fp"Debug\Character_7.pch" /Fo"Debug\\" /Fd"Debug\vc140.pdb" /Gd /TP /analyze- /errorReport:prompt stdafx.cpp
         stdafx.cpp
         C:\Program Files (x86)\Microsoft Visual Studio 14.0\VC\bin\CL.exe /c /ZI /nologo /W3 /WX- /sdl /Od /Oy- /D WIN32 /D _DEBUG /D _CONSOLE /D _UNICODE /D UNICODE /Gm /EHsc /RTC1 /MDd /GS /fp:precise /Zc:wchar_t /Zc:forScope /Zc:inline /Yu"stdafx.h" /Fp"Debug\Character_7.pch" /Fo"Debug\\" /Fd"Debug\vc140.pdb" /Gd /TP /analyze- /errorReport:prompt Character_7.cpp person.cpp sales_data.cpp screen.cpp window_mgr.cpp
         window_mgr.cpp
         screen.cpp
         sales_data.cpp
         person.cpp
         Character_7.cpp
     1>c:\users\lber1\documents\dev\gitproject\cpp_primer_exercise\character_7\character_7.cpp(85): error C2662: 'const bool &Debug::any(void)': cannot convert 'this' pointer from 'const Debug' to 'Debug &'
         c:\users\lber1\documents\dev\gitproject\cpp_primer_exercise\character_7\character_7.cpp(85): note: Conversion loses qualifiers
         Generating Code...
     1>Done Building Project "C:\Users\lber1\Documents\Dev\GitProject\CPP_Primer_Exercise\Character_7\Character_7.vcxproj" (Rebuild target(s)) -- FAILED.

Build FAILED.

Time Elapsed 00:00:02.93
